

Started GET "/" for 127.0.0.1 at 2014-06-29 13:16:15 -0300
Processing by Rails::WelcomeController#index as HTML
  Rendered /Users/rodrigoquaresma/.rbenv/versions/2.1.0/lib/ruby/gems/2.1.0/gems/railties-4.1.2/lib/rails/templates/rails/welcome/index.html.erb (11.4ms)
Completed 200 OK in 80ms (Views: 56.2ms | ActiveRecord: 0.0ms)


Started GET "/" for 127.0.0.1 at 2014-06-29 13:38:43 -0300
Processing by Rails::WelcomeController#index as HTML
  Rendered /Users/rodrigoquaresma/.rbenv/versions/2.1.0/lib/ruby/gems/2.1.0/gems/railties-4.1.2/lib/rails/templates/rails/welcome/index.html.erb (11.3ms)
Completed 200 OK in 81ms (Views: 57.1ms | ActiveRecord: 0.0ms)


Started GET "/" for 127.0.0.1 at 2014-06-29 13:55:53 -0300
Processing by SiteController#index as HTML
  Rendered site/index.erb within layouts/application (51.1ms)
Completed 500 Internal Server Error in 67ms

ActionView::Template::Error (undefined method `erb' for #<#<Class:0x007fe387bad750>:0x007fe387baccd8>):
    51: 
    52: </div>
    53: 
    54: <%= erb :"#{@area}" %>
    55: 
    56: </div>
    57: 
  app/views/site/index.erb:54:in `_app_views_site_index_erb__3953509327731914373_70307605723980'
  app/controllers/site_controller.rb:7:in `index'


  Rendered /Users/rodrigoquaresma/.rbenv/versions/2.1.0/lib/ruby/gems/2.1.0/gems/actionpack-4.1.2/lib/action_dispatch/middleware/templates/rescues/_trace.html.erb (1.6ms)
  Rendered /Users/rodrigoquaresma/.rbenv/versions/2.1.0/lib/ruby/gems/2.1.0/gems/actionpack-4.1.2/lib/action_dispatch/middleware/templates/rescues/_request_and_response.html.erb (1.3ms)
  Rendered /Users/rodrigoquaresma/.rbenv/versions/2.1.0/lib/ruby/gems/2.1.0/gems/actionpack-4.1.2/lib/action_dispatch/middleware/templates/rescues/template_error.html.erb within rescues/layout (31.8ms)
